c:\users\ossi\downloads\baldurgate3internalmenu (1)\x64\release\baldurgate3internalmenu.pch
c:\users\ossi\downloads\baldurgate3internalmenu (1)\x64\release\vc143.pdb
c:\users\ossi\downloads\baldurgate3internalmenu (1)\x64\release\pch.obj
c:\users\ossi\downloads\baldurgate3internalmenu (1)\x64\release\utils.obj
c:\users\ossi\downloads\baldurgate3internalmenu (1)\x64\release\imgui_widgets.obj
c:\users\ossi\downloads\baldurgate3internalmenu (1)\x64\release\imgui_tables.obj
c:\users\ossi\downloads\baldurgate3internalmenu (1)\x64\release\imgui_impl_win32.obj
c:\users\ossi\downloads\baldurgate3internalmenu (1)\x64\release\imgui_impl_dx11.obj
c:\users\ossi\downloads\baldurgate3internalmenu (1)\x64\release\imgui_draw.obj
c:\users\ossi\downloads\baldurgate3internalmenu (1)\x64\release\imgui_demo.obj
c:\users\ossi\downloads\baldurgate3internalmenu (1)\x64\release\imgui.obj
c:\users\ossi\downloads\baldurgate3internalmenu (1)\x64\release\dllmain.obj
c:\users\ossi\downloads\baldurgate3internalmenu (1)\x64\release\crender.obj
c:\users\ossi\downloads\baldurgate3internalmenu (1)\x64\release\ccamerafov.obj
c:\users\ossi\downloads\baldurgate3internalmenu (1)\x64\release\cbootstrap.obj
c:\users\ossi\downloads\baldurgate3internalmenu (1)\x64\release\trampoline.obj
c:\users\ossi\downloads\baldurgate3internalmenu (1)\x64\release\hook.obj
c:\users\ossi\downloads\baldurgate3internalmenu (1)\x64\release\hde64.obj
c:\users\ossi\downloads\baldurgate3internalmenu (1)\x64\release\hde32.obj
c:\users\ossi\downloads\baldurgate3internalmenu (1)\x64\release\buffer.obj
c:\users\ossi\downloads\baldurgate3internalmenu (1)\x64\release\baldurgate3internalmenu.res
c:\users\ossi\downloads\baldurgate3internalmenu (1)\x64\release\baldurga.0fa7ba18.tlog\cl.command.1.tlog
c:\users\ossi\downloads\baldurgate3internalmenu (1)\x64\release\baldurga.0fa7ba18.tlog\cl.read.1.tlog
c:\users\ossi\downloads\baldurgate3internalmenu (1)\x64\release\baldurga.0fa7ba18.tlog\cl.write.1.tlog
c:\users\ossi\downloads\baldurgate3internalmenu (1)\x64\release\baldurga.0fa7ba18.tlog\link.command.1.tlog
c:\users\ossi\downloads\baldurgate3internalmenu (1)\x64\release\baldurga.0fa7ba18.tlog\link.read.1.tlog
c:\users\ossi\downloads\baldurgate3internalmenu (1)\x64\release\baldurga.0fa7ba18.tlog\link.write.1.tlog
c:\users\ossi\downloads\baldurgate3internalmenu (1)\x64\release\baldurga.0fa7ba18.tlog\rc.command.1.tlog
c:\users\ossi\downloads\baldurgate3internalmenu (1)\x64\release\baldurga.0fa7ba18.tlog\rc.read.1.tlog
c:\users\ossi\downloads\baldurgate3internalmenu (1)\x64\release\baldurga.0fa7ba18.tlog\rc.write.1.tlog
