  pch.cpp
  CBootstrap.cpp
C:\Users\Ossi\Downloads\BaldurGate3InternalMenu (1)\CCameraFov.h(22,45): warning C4244: '=': conversion from 'double' to 'float', possible loss of data
  CCameraFov.cpp
C:\Users\Ossi\Downloads\BaldurGate3InternalMenu (1)\CCameraFov.h(22,45): warning C4244: '=': conversion from 'double' to 'float', possible loss of data
C:\Users\Ossi\Downloads\BaldurGate3InternalMenu (1)\CCameraFov.cpp(163,36): warning C4244: '=': conversion from 'float' to 'int', possible loss of data
C:\Users\Ossi\Downloads\BaldurGate3InternalMenu (1)\CCameraFov.cpp(168,33): warning C4244: '=': conversion from 'float' to 'int', possible loss of data
C:\Users\Ossi\Downloads\BaldurGate3InternalMenu (1)\CCameraFov.cpp(207,37): warning C4244: '=': conversion from 'float' to 'int', possible loss of data
  CRender.cpp
C:\Users\Ossi\Downloads\BaldurGate3InternalMenu (1)\CCameraFov.h(22,45): warning C4244: '=': conversion from 'double' to 'float', possible loss of data
C:\Users\Ossi\Downloads\BaldurGate3InternalMenu (1)\CRender.cpp(224,13): warning C4244: '=': conversion from 'UINT' to 'FLOAT', possible loss of data
C:\Users\Ossi\Downloads\BaldurGate3InternalMenu (1)\CRender.cpp(225,14): warning C4244: '=': conversion from 'UINT' to 'FLOAT', possible loss of data
C:\Users\Ossi\Downloads\BaldurGate3InternalMenu (1)\CRender.cpp(271,20): warning C4101: 'obtainedLevel': unreferenced local variable
  dllmain.cpp
  imgui.cpp
  imgui_demo.cpp
  imgui_draw.cpp
  imgui_impl_dx11.cpp
  imgui_impl_win32.cpp
  imgui_tables.cpp
  imgui_widgets.cpp
  Utils.cpp
  buffer.c
  hde32.c
  hde64.c
  hook.c
  trampoline.c
  Generating code
  Previous IPDB not found, fall back to full compilation.
C:\Users\Ossi\Downloads\BaldurGate3InternalMenu (1)\Utils.cpp(167): warning C4715: 'Utils::FindAllPatterns': not all control paths return a value
  All 2042 functions were compiled because no usable IPDB/IOBJ from previous compilation was found.
  Finished generating code
  BaldurGate3InternalMenu.vcxproj -> C:\Users\Ossi\Downloads\BaldurGate3InternalMenu (1)\x64\Release\BaldurGate3InternalMenu.dll
